[0.022s] Invoking command in '/home/student/AdR/ros2_ws/build/drone_position_communication': CMAKE_PREFIX_PATH=${CMAKE_PREFIX_PATH}:/opt/ros/humble /usr/bin/cmake /home/student/AdR/ros2_ws/src/drone_position_communication -DCMAKE_INSTALL_PREFIX=/home/student/AdR/ros2_ws/install/drone_position_communication
[0.073s] -- The C compiler identification is GNU 11.4.0
[0.128s] -- The CXX compiler identification is GNU 11.4.0
[0.134s] -- Detecting C compiler ABI info
[0.197s] -- Detecting C compiler ABI info - done
[0.203s] -- Check for working C compiler: /usr/bin/cc - skipped
[0.203s] -- Detecting C compile features
[0.204s] -- Detecting C compile features - done
[0.207s] -- Detecting CXX compiler ABI info
[0.275s] -- Detecting CXX compiler ABI info - done
[0.280s] -- Check for working CXX compiler: /usr/bin/c++ - skipped
[0.281s] -- Detecting CXX compile features
[0.281s] -- Detecting CXX compile features - done
[0.284s] -- Found ament_cmake: 1.3.11 (/opt/ros/humble/share/ament_cmake/cmake)
[0.393s] -- Found Python3: /usr/bin/python3 (found version "3.10.12") found components: Interpreter 
[0.481s] -- Found rclpy: 3.3.15 (/opt/ros/humble/share/rclpy/cmake)
[0.482s] -- Found sensor_msgs: 4.2.4 (/opt/ros/humble/share/sensor_msgs/cmake)
[0.518s] -- Found rosidl_generator_c: 3.1.6 (/opt/ros/humble/share/rosidl_generator_c/cmake)
[0.523s] -- Found rosidl_adapter: 3.1.6 (/opt/ros/humble/share/rosidl_adapter/cmake)
[0.531s] -- Found rosidl_generator_cpp: 3.1.6 (/opt/ros/humble/share/rosidl_generator_cpp/cmake)
[0.543s] -- Using all available rosidl_typesupport_c: rosidl_typesupport_fastrtps_c;rosidl_typesupport_introspection_c
[0.558s] -- Using all available rosidl_typesupport_cpp: rosidl_typesupport_fastrtps_cpp;rosidl_typesupport_introspection_cpp
[0.665s] -- Configuring done
[0.670s] -- Generating done
[0.672s] -- Build files have been written to: /home/student/AdR/ros2_ws/build/drone_position_communication
[0.681s] Invoked command in '/home/student/AdR/ros2_ws/build/drone_position_communication' returned '0': CMAKE_PREFIX_PATH=${CMAKE_PREFIX_PATH}:/opt/ros/humble /usr/bin/cmake /home/student/AdR/ros2_ws/src/drone_position_communication -DCMAKE_INSTALL_PREFIX=/home/student/AdR/ros2_ws/install/drone_position_communication
[0.682s] Invoking command in '/home/student/AdR/ros2_ws/build/drone_position_communication': CMAKE_PREFIX_PATH=${CMAKE_PREFIX_PATH}:/opt/ros/humble /usr/bin/cmake --build /home/student/AdR/ros2_ws/build/drone_position_communication -- -j16 -l16
[0.724s] Invoked command in '/home/student/AdR/ros2_ws/build/drone_position_communication' returned '0': CMAKE_PREFIX_PATH=${CMAKE_PREFIX_PATH}:/opt/ros/humble /usr/bin/cmake --build /home/student/AdR/ros2_ws/build/drone_position_communication -- -j16 -l16
[0.725s] Invoking command in '/home/student/AdR/ros2_ws/build/drone_position_communication': CMAKE_PREFIX_PATH=${CMAKE_PREFIX_PATH}:/opt/ros/humble /usr/bin/cmake --install /home/student/AdR/ros2_ws/build/drone_position_communication
[0.731s] -- Install configuration: ""
[0.732s] -- Installing: /home/student/AdR/ros2_ws/install/drone_position_communication/lib/drone_position_communication/publisher.py
[0.732s] -- Installing: /home/student/AdR/ros2_ws/install/drone_position_communication/lib/drone_position_communication/subscriber.py
[0.733s] -- Installing: /home/student/AdR/ros2_ws/install/drone_position_communication/share/ament_index/resource_index/package_run_dependencies/drone_position_communication
[0.733s] -- Installing: /home/student/AdR/ros2_ws/install/drone_position_communication/share/ament_index/resource_index/parent_prefix_path/drone_position_communication
[0.734s] -- Installing: /home/student/AdR/ros2_ws/install/drone_position_communication/share/drone_position_communication/environment/ament_prefix_path.sh
[0.734s] -- Installing: /home/student/AdR/ros2_ws/install/drone_position_communication/share/drone_position_communication/environment/ament_prefix_path.dsv
[0.735s] -- Installing: /home/student/AdR/ros2_ws/install/drone_position_communication/share/drone_position_communication/environment/path.sh
[0.735s] -- Installing: /home/student/AdR/ros2_ws/install/drone_position_communication/share/drone_position_communication/environment/path.dsv
[0.736s] -- Installing: /home/student/AdR/ros2_ws/install/drone_position_communication/share/drone_position_communication/local_setup.bash
[0.736s] -- Installing: /home/student/AdR/ros2_ws/install/drone_position_communication/share/drone_position_communication/local_setup.sh
[0.737s] -- Installing: /home/student/AdR/ros2_ws/install/drone_position_communication/share/drone_position_communication/local_setup.zsh
[0.737s] -- Installing: /home/student/AdR/ros2_ws/install/drone_position_communication/share/drone_position_communication/local_setup.dsv
[0.737s] -- Installing: /home/student/AdR/ros2_ws/install/drone_position_communication/share/drone_position_communication/package.dsv
[0.737s] -- Installing: /home/student/AdR/ros2_ws/install/drone_position_communication/share/ament_index/resource_index/packages/drone_position_communication
[0.738s] -- Installing: /home/student/AdR/ros2_ws/install/drone_position_communication/share/drone_position_communication/cmake/drone_position_communicationConfig.cmake
[0.738s] -- Installing: /home/student/AdR/ros2_ws/install/drone_position_communication/share/drone_position_communication/cmake/drone_position_communicationConfig-version.cmake
[0.738s] -- Installing: /home/student/AdR/ros2_ws/install/drone_position_communication/share/drone_position_communication/package.xml
[0.760s] Invoked command in '/home/student/AdR/ros2_ws/build/drone_position_communication' returned '0': CMAKE_PREFIX_PATH=${CMAKE_PREFIX_PATH}:/opt/ros/humble /usr/bin/cmake --install /home/student/AdR/ros2_ws/build/drone_position_communication
