-- Install configuration: ""
-- Up-to-date: /home/student/AdR/ros2_ws/install/number_square_service/lib/number_square_service/service.py
-- Up-to-date: /home/student/AdR/ros2_ws/install/number_square_service/lib/number_square_service/client.py
-- Up-to-date: /home/student/AdR/ros2_ws/install/number_square_service/lib/python3.10/site-packages/number_square_service
-- Up-to-date: /home/student/AdR/ros2_ws/install/number_square_service/lib/python3.10/site-packages/number_square_service/client.py
-- Up-to-date: /home/student/AdR/ros2_ws/install/number_square_service/lib/python3.10/site-packages/number_square_service/__init__.py
-- Up-to-date: /home/student/AdR/ros2_ws/install/number_square_service/lib/python3.10/site-packages/number_square_service/service.py
-- Up-to-date: /home/student/AdR/ros2_ws/install/number_square_service/share/ament_index/resource_index/package_run_dependencies/number_square_service
-- Up-to-date: /home/student/AdR/ros2_ws/install/number_square_service/share/ament_index/resource_index/parent_prefix_path/number_square_service
-- Up-to-date: /home/student/AdR/ros2_ws/install/number_square_service/share/number_square_service/environment/ament_prefix_path.sh
-- Up-to-date: /home/student/AdR/ros2_ws/install/number_square_service/share/number_square_service/environment/ament_prefix_path.dsv
-- Up-to-date: /home/student/AdR/ros2_ws/install/number_square_service/share/number_square_service/environment/path.sh
-- Up-to-date: /home/student/AdR/ros2_ws/install/number_square_service/share/number_square_service/environment/path.dsv
-- Up-to-date: /home/student/AdR/ros2_ws/install/number_square_service/share/number_square_service/local_setup.bash
-- Up-to-date: /home/student/AdR/ros2_ws/install/number_square_service/share/number_square_service/local_setup.sh
-- Up-to-date: /home/student/AdR/ros2_ws/install/number_square_service/share/number_square_service/local_setup.zsh
-- Up-to-date: /home/student/AdR/ros2_ws/install/number_square_service/share/number_square_service/local_setup.dsv
-- Up-to-date: /home/student/AdR/ros2_ws/install/number_square_service/share/number_square_service/package.dsv
-- Up-to-date: /home/student/AdR/ros2_ws/install/number_square_service/share/ament_index/resource_index/packages/number_square_service
-- Up-to-date: /home/student/AdR/ros2_ws/install/number_square_service/share/number_square_service/cmake/number_square_serviceConfig.cmake
-- Up-to-date: /home/student/AdR/ros2_ws/install/number_square_service/share/number_square_service/cmake/number_square_serviceConfig-version.cmake
-- Up-to-date: /home/student/AdR/ros2_ws/install/number_square_service/share/number_square_service/package.xml
