[0.014s] Invoking command in '/home/student/AdR/ros2_ws/build/number_square_service': CMAKE_PREFIX_PATH=/opt/ros/humble /usr/bin/cmake --build /home/student/AdR/ros2_ws/build/number_square_service -- -j16 -l16
[0.056s] Invoked command in '/home/student/AdR/ros2_ws/build/number_square_service' returned '0': CMAKE_PREFIX_PATH=/opt/ros/humble /usr/bin/cmake --build /home/student/AdR/ros2_ws/build/number_square_service -- -j16 -l16
[0.058s] Invoking command in '/home/student/AdR/ros2_ws/build/number_square_service': CMAKE_PREFIX_PATH=/opt/ros/humble /usr/bin/cmake --install /home/student/AdR/ros2_ws/build/number_square_service
[0.065s] -- Install configuration: ""
[0.066s] -- Up-to-date: /home/student/AdR/ros2_ws/install/number_square_service/lib/number_square_service/service.py
[0.066s] -- Up-to-date: /home/student/AdR/ros2_ws/install/number_square_service/lib/number_square_service/client.py
[0.066s] -- Up-to-date: /home/student/AdR/ros2_ws/install/number_square_service/lib/python3.10/site-packages/number_square_service
[0.066s] -- Up-to-date: /home/student/AdR/ros2_ws/install/number_square_service/lib/python3.10/site-packages/number_square_service/client.py
[0.067s] -- Up-to-date: /home/student/AdR/ros2_ws/install/number_square_service/lib/python3.10/site-packages/number_square_service/__init__.py
[0.067s] -- Up-to-date: /home/student/AdR/ros2_ws/install/number_square_service/lib/python3.10/site-packages/number_square_service/service.py
[0.067s] -- Up-to-date: /home/student/AdR/ros2_ws/install/number_square_service/share/ament_index/resource_index/package_run_dependencies/number_square_service
[0.067s] -- Up-to-date: /home/student/AdR/ros2_ws/install/number_square_service/share/ament_index/resource_index/parent_prefix_path/number_square_service
[0.067s] -- Up-to-date: /home/student/AdR/ros2_ws/install/number_square_service/share/number_square_service/environment/ament_prefix_path.sh
[0.068s] -- Up-to-date: /home/student/AdR/ros2_ws/install/number_square_service/share/number_square_service/environment/ament_prefix_path.dsv
[0.068s] -- Up-to-date: /home/student/AdR/ros2_ws/install/number_square_service/share/number_square_service/environment/path.sh
[0.068s] -- Up-to-date: /home/student/AdR/ros2_ws/install/number_square_service/share/number_square_service/environment/path.dsv
[0.068s] -- Up-to-date: /home/student/AdR/ros2_ws/install/number_square_service/share/number_square_service/local_setup.bash
[0.069s] -- Up-to-date: /home/student/AdR/ros2_ws/install/number_square_service/share/number_square_service/local_setup.sh
[0.069s] -- Up-to-date: /home/student/AdR/ros2_ws/install/number_square_service/share/number_square_service/local_setup.zsh
[0.069s] -- Up-to-date: /home/student/AdR/ros2_ws/install/number_square_service/share/number_square_service/local_setup.dsv
[0.069s] -- Up-to-date: /home/student/AdR/ros2_ws/install/number_square_service/share/number_square_service/package.dsv
[0.069s] -- Up-to-date: /home/student/AdR/ros2_ws/install/number_square_service/share/ament_index/resource_index/packages/number_square_service
[0.070s] -- Up-to-date: /home/student/AdR/ros2_ws/install/number_square_service/share/number_square_service/cmake/number_square_serviceConfig.cmake
[0.070s] -- Up-to-date: /home/student/AdR/ros2_ws/install/number_square_service/share/number_square_service/cmake/number_square_serviceConfig-version.cmake
[0.070s] -- Up-to-date: /home/student/AdR/ros2_ws/install/number_square_service/share/number_square_service/package.xml
[0.088s] Invoked command in '/home/student/AdR/ros2_ws/build/number_square_service' returned '0': CMAKE_PREFIX_PATH=/opt/ros/humble /usr/bin/cmake --install /home/student/AdR/ros2_ws/build/number_square_service
