[0.096s] DEBUG:colcon:Command line arguments: ['/usr/bin/colcon', 'build']
[0.097s] DEBUG:colcon:Parsed command line arguments: Namespace(log_base=None, log_level=None, verb_name='build', build_base='build', install_base='install', merge_install=False, symlink_install=False, test_result_base=None, continue_on_error=False, executor='parallel', parallel_workers=16, event_handlers=None, ignore_user_meta=False, metas=['./colcon.meta'], base_paths=['.'], packages_ignore=None, packages_ignore_regex=None, paths=None, packages_up_to=None, packages_up_to_regex=None, packages_above=None, packages_above_and_dependencies=None, packages_above_depth=None, packages_select_by_dep=None, packages_skip_by_dep=None, packages_skip_up_to=None, packages_select_build_failed=False, packages_skip_build_finished=False, packages_select_test_failures=False, packages_skip_test_passed=False, packages_select=None, packages_skip=None, packages_select_regex=None, packages_skip_regex=None, packages_start=None, packages_end=None, cmake_args=None, cmake_target=None, cmake_target_skip_unavailable=False, cmake_clean_cache=False, cmake_clean_first=False, cmake_force_configure=False, ament_cmake_args=None, catkin_cmake_args=None, catkin_skip_building_tests=False, mixin_files=None, mixin=None, verb_parser=<colcon_mixin.mixin.mixin_argument.MixinArgumentDecorator object at 0x7f3a99e0aa40>, verb_extension=<colcon_core.verb.build.BuildVerb object at 0x7f3a99e0a4d0>, main=<bound method BuildVerb.main of <colcon_core.verb.build.BuildVerb object at 0x7f3a99e0a4d0>>, mixin_verb=('build',))
[0.225s] Level 1:colcon.colcon_core.package_discovery:discover_packages(colcon_meta) check parameters
[0.225s] Level 1:colcon.colcon_core.package_discovery:discover_packages(recursive) check parameters
[0.225s] Level 1:colcon.colcon_core.package_discovery:discover_packages(ignore) check parameters
[0.225s] Level 1:colcon.colcon_core.package_discovery:discover_packages(path) check parameters
[0.225s] Level 1:colcon.colcon_core.package_discovery:discover_packages(colcon_meta) discover
[0.225s] Level 1:colcon.colcon_core.package_discovery:discover_packages(recursive) discover
[0.225s] INFO:colcon.colcon_core.package_discovery:Crawling recursively for packages in '/home/student/AdR/ros2_ws'
[0.225s] Level 1:colcon.colcon_core.package_identification:_identify(.) by extensions ['ignore', 'ignore_ament_install']
[0.225s] Level 1:colcon.colcon_core.package_identification:_identify(.) by extension 'ignore'
[0.225s] Level 1:colcon.colcon_core.package_identification:_identify(.) by extension 'ignore_ament_install'
[0.225s] Level 1:colcon.colcon_core.package_identification:_identify(.) by extensions ['colcon_pkg']
[0.225s] Level 1:colcon.colcon_core.package_identification:_identify(.) by extension 'colcon_pkg'
[0.225s] Level 1:colcon.colcon_core.package_identification:_identify(.) by extensions ['colcon_meta']
[0.225s] Level 1:colcon.colcon_core.package_identification:_identify(.) by extension 'colcon_meta'
[0.225s] Level 1:colcon.colcon_core.package_identification:_identify(.) by extensions ['ros']
[0.225s] Level 1:colcon.colcon_core.package_identification:_identify(.) by extension 'ros'
[0.236s] Level 1:colcon.colcon_core.package_identification:_identify(.) by extensions ['cmake', 'python']
[0.237s] Level 1:colcon.colcon_core.package_identification:_identify(.) by extension 'cmake'
[0.237s] Level 1:colcon.colcon_core.package_identification:_identify(.) by extension 'python'
[0.237s] Level 1:colcon.colcon_core.package_identification:_identify(.) by extensions ['python_setup_py']
[0.237s] Level 1:colcon.colcon_core.package_identification:_identify(.) by extension 'python_setup_py'
[0.237s] Level 1:colcon.colcon_core.package_identification:_identify(build) by extensions ['ignore', 'ignore_ament_install']
[0.237s] Level 1:colcon.colcon_core.package_identification:_identify(build) by extension 'ignore'
[0.237s] Level 1:colcon.colcon_core.package_identification:_identify(build) ignored
[0.237s] Level 1:colcon.colcon_core.package_identification:_identify(install) by extensions ['ignore', 'ignore_ament_install']
[0.237s] Level 1:colcon.colcon_core.package_identification:_identify(install) by extension 'ignore'
[0.237s] Level 1:colcon.colcon_core.package_identification:_identify(install) ignored
[0.237s] Level 1:colcon.colcon_core.package_identification:_identify(log) by extensions ['ignore', 'ignore_ament_install']
[0.237s] Level 1:colcon.colcon_core.package_identification:_identify(log) by extension 'ignore'
[0.237s] Level 1:colcon.colcon_core.package_identification:_identify(log) ignored
[0.237s] Level 1:colcon.colcon_core.package_identification:_identify(src) by extensions ['ignore', 'ignore_ament_install']
[0.238s] Level 1:colcon.colcon_core.package_identification:_identify(src) by extension 'ignore'
[0.238s] Level 1:colcon.colcon_core.package_identification:_identify(src) by extension 'ignore_ament_install'
[0.238s] Level 1:colcon.colcon_core.package_identification:_identify(src) by extensions ['colcon_pkg']
[0.238s] Level 1:colcon.colcon_core.package_identification:_identify(src) by extension 'colcon_pkg'
[0.238s] Level 1:colcon.colcon_core.package_identification:_identify(src) by extensions ['colcon_meta']
[0.238s] Level 1:colcon.colcon_core.package_identification:_identify(src) by extension 'colcon_meta'
[0.238s] Level 1:colcon.colcon_core.package_identification:_identify(src) by extensions ['ros']
[0.238s] Level 1:colcon.colcon_core.package_identification:_identify(src) by extension 'ros'
[0.238s] Level 1:colcon.colcon_core.package_identification:_identify(src) by extensions ['cmake', 'python']
[0.238s] Level 1:colcon.colcon_core.package_identification:_identify(src) by extension 'cmake'
[0.238s] Level 1:colcon.colcon_core.package_identification:_identify(src) by extension 'python'
[0.238s] Level 1:colcon.colcon_core.package_identification:_identify(src) by extensions ['python_setup_py']
[0.238s] Level 1:colcon.colcon_core.package_identification:_identify(src) by extension 'python_setup_py'
[0.238s] Level 1:colcon.colcon_core.package_identification:_identify(src/drone_position_communication) by extensions ['ignore', 'ignore_ament_install']
[0.238s] Level 1:colcon.colcon_core.package_identification:_identify(src/drone_position_communication) by extension 'ignore'
[0.238s] Level 1:colcon.colcon_core.package_identification:_identify(src/drone_position_communication) by extension 'ignore_ament_install'
[0.238s] Level 1:colcon.colcon_core.package_identification:_identify(src/drone_position_communication) by extensions ['colcon_pkg']
[0.238s] Level 1:colcon.colcon_core.package_identification:_identify(src/drone_position_communication) by extension 'colcon_pkg'
[0.238s] Level 1:colcon.colcon_core.package_identification:_identify(src/drone_position_communication) by extensions ['colcon_meta']
[0.238s] Level 1:colcon.colcon_core.package_identification:_identify(src/drone_position_communication) by extension 'colcon_meta'
[0.238s] Level 1:colcon.colcon_core.package_identification:_identify(src/drone_position_communication) by extensions ['ros']
[0.238s] Level 1:colcon.colcon_core.package_identification:_identify(src/drone_position_communication) by extension 'ros'
[0.241s] DEBUG:colcon.colcon_core.package_identification:Package 'src/drone_position_communication' with type 'ros.ament_cmake' and name 'drone_position_communication'
[0.242s] Level 1:colcon.colcon_core.package_identification:_identify(src/number_square_service) by extensions ['ignore', 'ignore_ament_install']
[0.242s] Level 1:colcon.colcon_core.package_identification:_identify(src/number_square_service) by extension 'ignore'
[0.242s] Level 1:colcon.colcon_core.package_identification:_identify(src/number_square_service) by extension 'ignore_ament_install'
[0.242s] Level 1:colcon.colcon_core.package_identification:_identify(src/number_square_service) by extensions ['colcon_pkg']
[0.242s] Level 1:colcon.colcon_core.package_identification:_identify(src/number_square_service) by extension 'colcon_pkg'
[0.242s] Level 1:colcon.colcon_core.package_identification:_identify(src/number_square_service) by extensions ['colcon_meta']
[0.242s] Level 1:colcon.colcon_core.package_identification:_identify(src/number_square_service) by extension 'colcon_meta'
[0.242s] Level 1:colcon.colcon_core.package_identification:_identify(src/number_square_service) by extensions ['ros']
[0.242s] Level 1:colcon.colcon_core.package_identification:_identify(src/number_square_service) by extension 'ros'
[0.243s] DEBUG:colcon.colcon_core.package_identification:Package 'src/number_square_service' with type 'ros.ament_cmake' and name 'number_square_service'
[0.243s] Level 1:colcon.colcon_core.package_discovery:discover_packages(recursive) using defaults
[0.243s] Level 1:colcon.colcon_core.package_discovery:discover_packages(ignore) discover
[0.243s] Level 1:colcon.colcon_core.package_discovery:discover_packages(ignore) using defaults
[0.243s] Level 1:colcon.colcon_core.package_discovery:discover_packages(path) discover
[0.243s] Level 1:colcon.colcon_core.package_discovery:discover_packages(path) using defaults
[0.261s] Level 5:colcon.colcon_core.verb:set package 'drone_position_communication' build argument 'cmake_args' from command line to 'None'
[0.261s] Level 5:colcon.colcon_core.verb:set package 'drone_position_communication' build argument 'cmake_target' from command line to 'None'
[0.261s] Level 5:colcon.colcon_core.verb:set package 'drone_position_communication' build argument 'cmake_target_skip_unavailable' from command line to 'False'
[0.261s] Level 5:colcon.colcon_core.verb:set package 'drone_position_communication' build argument 'cmake_clean_cache' from command line to 'False'
[0.261s] Level 5:colcon.colcon_core.verb:set package 'drone_position_communication' build argument 'cmake_clean_first' from command line to 'False'
[0.261s] Level 5:colcon.colcon_core.verb:set package 'drone_position_communication' build argument 'cmake_force_configure' from command line to 'False'
[0.261s] Level 5:colcon.colcon_core.verb:set package 'drone_position_communication' build argument 'ament_cmake_args' from command line to 'None'
[0.261s] Level 5:colcon.colcon_core.verb:set package 'drone_position_communication' build argument 'catkin_cmake_args' from command line to 'None'
[0.261s] Level 5:colcon.colcon_core.verb:set package 'drone_position_communication' build argument 'catkin_skip_building_tests' from command line to 'False'
[0.261s] DEBUG:colcon.colcon_core.verb:Building package 'drone_position_communication' with the following arguments: {'ament_cmake_args': None, 'build_base': '/home/student/AdR/ros2_ws/build/drone_position_communication', 'catkin_cmake_args': None, 'catkin_skip_building_tests': False, 'cmake_args': None, 'cmake_clean_cache': False, 'cmake_clean_first': False, 'cmake_force_configure': False, 'cmake_target': None, 'cmake_target_skip_unavailable': False, 'install_base': '/home/student/AdR/ros2_ws/install/drone_position_communication', 'merge_install': False, 'path': '/home/student/AdR/ros2_ws/src/drone_position_communication', 'symlink_install': False, 'test_result_base': None}
[0.262s] Level 5:colcon.colcon_core.verb:set package 'number_square_service' build argument 'cmake_args' from command line to 'None'
[0.262s] Level 5:colcon.colcon_core.verb:set package 'number_square_service' build argument 'cmake_target' from command line to 'None'
[0.262s] Level 5:colcon.colcon_core.verb:set package 'number_square_service' build argument 'cmake_target_skip_unavailable' from command line to 'False'
[0.262s] Level 5:colcon.colcon_core.verb:set package 'number_square_service' build argument 'cmake_clean_cache' from command line to 'False'
[0.262s] Level 5:colcon.colcon_core.verb:set package 'number_square_service' build argument 'cmake_clean_first' from command line to 'False'
[0.262s] Level 5:colcon.colcon_core.verb:set package 'number_square_service' build argument 'cmake_force_configure' from command line to 'False'
[0.262s] Level 5:colcon.colcon_core.verb:set package 'number_square_service' build argument 'ament_cmake_args' from command line to 'None'
[0.262s] Level 5:colcon.colcon_core.verb:set package 'number_square_service' build argument 'catkin_cmake_args' from command line to 'None'
[0.262s] Level 5:colcon.colcon_core.verb:set package 'number_square_service' build argument 'catkin_skip_building_tests' from command line to 'False'
[0.262s] DEBUG:colcon.colcon_core.verb:Building package 'number_square_service' with the following arguments: {'ament_cmake_args': None, 'build_base': '/home/student/AdR/ros2_ws/build/number_square_service', 'catkin_cmake_args': None, 'catkin_skip_building_tests': False, 'cmake_args': None, 'cmake_clean_cache': False, 'cmake_clean_first': False, 'cmake_force_configure': False, 'cmake_target': None, 'cmake_target_skip_unavailable': False, 'install_base': '/home/student/AdR/ros2_ws/install/number_square_service', 'merge_install': False, 'path': '/home/student/AdR/ros2_ws/src/number_square_service', 'symlink_install': False, 'test_result_base': None}
[0.262s] INFO:colcon.colcon_core.executor:Executing jobs using 'parallel' executor
[0.263s] DEBUG:colcon.colcon_parallel_executor.executor.parallel:run_until_complete
[0.264s] INFO:colcon.colcon_ros.task.ament_cmake.build:Building ROS package in '/home/student/AdR/ros2_ws/src/drone_position_communication' with build type 'ament_cmake'
[0.264s] INFO:colcon.colcon_cmake.task.cmake.build:Building CMake package in '/home/student/AdR/ros2_ws/src/drone_position_communication'
[0.267s] INFO:colcon.colcon_core.plugin_system:Skipping extension 'colcon_core.shell.bat': Not used on non-Windows systems
[0.268s] INFO:colcon.colcon_core.shell:Skip shell extension 'powershell' for command environment: Not usable outside of PowerShell
[0.268s] DEBUG:colcon.colcon_core.shell:Skip shell extension 'dsv' for command environment
[0.269s] WARNING:colcon.colcon_ros.prefix_path.ament:The path '/home/student/AdR/ros2_ws/install/number_square_service' in the environment variable AMENT_PREFIX_PATH doesn't exist
[0.269s] WARNING:colcon.colcon_ros.prefix_path.ament:The path '/home/student/AdR/ros2_ws/install/drone_position_communication' in the environment variable AMENT_PREFIX_PATH doesn't exist
[0.269s] WARNING:colcon.colcon_ros.prefix_path.catkin:The path '/home/student/AdR/ros2_ws/install/number_square_service' in the environment variable CMAKE_PREFIX_PATH doesn't exist
[0.269s] WARNING:colcon.colcon_ros.prefix_path.catkin:The path '/home/student/AdR/ros2_ws/install/drone_position_communication' in the environment variable CMAKE_PREFIX_PATH doesn't exist
[0.274s] INFO:colcon.colcon_ros.task.ament_cmake.build:Building ROS package in '/home/student/AdR/ros2_ws/src/number_square_service' with build type 'ament_cmake'
[0.274s] INFO:colcon.colcon_cmake.task.cmake.build:Building CMake package in '/home/student/AdR/ros2_ws/src/number_square_service'
[0.274s] INFO:colcon.colcon_core.shell:Skip shell extension 'powershell' for command environment: Not usable outside of PowerShell
[0.275s] DEBUG:colcon.colcon_core.shell:Skip shell extension 'dsv' for command environment
[0.288s] DEBUG:colcon.colcon_core.event_handler.log_command:Invoking command in '/home/student/AdR/ros2_ws/build/drone_position_communication': CMAKE_PREFIX_PATH=${CMAKE_PREFIX_PATH}:/opt/ros/humble /usr/bin/cmake /home/student/AdR/ros2_ws/src/drone_position_communication -DCMAKE_INSTALL_PREFIX=/home/student/AdR/ros2_ws/install/drone_position_communication
[0.292s] DEBUG:colcon.colcon_core.event_handler.log_command:Invoking command in '/home/student/AdR/ros2_ws/build/number_square_service': CMAKE_PREFIX_PATH=${CMAKE_PREFIX_PATH}:/opt/ros/humble /usr/bin/cmake /home/student/AdR/ros2_ws/src/number_square_service -DCMAKE_INSTALL_PREFIX=/home/student/AdR/ros2_ws/install/number_square_service
[0.943s] DEBUG:colcon.colcon_core.event_handler.log_command:Invoked command in '/home/student/AdR/ros2_ws/build/number_square_service' returned '0': CMAKE_PREFIX_PATH=${CMAKE_PREFIX_PATH}:/opt/ros/humble /usr/bin/cmake /home/student/AdR/ros2_ws/src/number_square_service -DCMAKE_INSTALL_PREFIX=/home/student/AdR/ros2_ws/install/number_square_service
[0.945s] DEBUG:colcon.colcon_core.event_handler.log_command:Invoking command in '/home/student/AdR/ros2_ws/build/number_square_service': CMAKE_PREFIX_PATH=${CMAKE_PREFIX_PATH}:/opt/ros/humble /usr/bin/cmake --build /home/student/AdR/ros2_ws/build/number_square_service -- -j16 -l16
[0.946s] DEBUG:colcon.colcon_core.event_handler.log_command:Invoked command in '/home/student/AdR/ros2_ws/build/drone_position_communication' returned '0': CMAKE_PREFIX_PATH=${CMAKE_PREFIX_PATH}:/opt/ros/humble /usr/bin/cmake /home/student/AdR/ros2_ws/src/drone_position_communication -DCMAKE_INSTALL_PREFIX=/home/student/AdR/ros2_ws/install/drone_position_communication
[0.947s] DEBUG:colcon.colcon_core.event_handler.log_command:Invoking command in '/home/student/AdR/ros2_ws/build/drone_position_communication': CMAKE_PREFIX_PATH=${CMAKE_PREFIX_PATH}:/opt/ros/humble /usr/bin/cmake --build /home/student/AdR/ros2_ws/build/drone_position_communication -- -j16 -l16
[0.979s] DEBUG:colcon.colcon_core.event_handler.log_command:Invoked command in '/home/student/AdR/ros2_ws/build/number_square_service' returned '0': CMAKE_PREFIX_PATH=${CMAKE_PREFIX_PATH}:/opt/ros/humble /usr/bin/cmake --build /home/student/AdR/ros2_ws/build/number_square_service -- -j16 -l16
[0.987s] DEBUG:colcon.colcon_core.event_handler.log_command:Invoking command in '/home/student/AdR/ros2_ws/build/number_square_service': CMAKE_PREFIX_PATH=${CMAKE_PREFIX_PATH}:/opt/ros/humble /usr/bin/cmake --install /home/student/AdR/ros2_ws/build/number_square_service
[0.989s] DEBUG:colcon.colcon_core.event_handler.log_command:Invoked command in '/home/student/AdR/ros2_ws/build/drone_position_communication' returned '0': CMAKE_PREFIX_PATH=${CMAKE_PREFIX_PATH}:/opt/ros/humble /usr/bin/cmake --build /home/student/AdR/ros2_ws/build/drone_position_communication -- -j16 -l16
[0.990s] DEBUG:colcon.colcon_core.event_handler.log_command:Invoking command in '/home/student/AdR/ros2_ws/build/drone_position_communication': CMAKE_PREFIX_PATH=${CMAKE_PREFIX_PATH}:/opt/ros/humble /usr/bin/cmake --install /home/student/AdR/ros2_ws/build/drone_position_communication
[1.004s] Level 1:colcon.colcon_core.environment:create_environment_scripts_only(number_square_service)
[1.005s] DEBUG:colcon.colcon_core.event_handler.log_command:Invoked command in '/home/student/AdR/ros2_ws/build/number_square_service' returned '0': CMAKE_PREFIX_PATH=${CMAKE_PREFIX_PATH}:/opt/ros/humble /usr/bin/cmake --install /home/student/AdR/ros2_ws/build/number_square_service
[1.007s] Level 1:colcon.colcon_core.environment:checking '/home/student/AdR/ros2_ws/install/number_square_service' for CMake module files
[1.008s] Level 1:colcon.colcon_core.environment:checking '/home/student/AdR/ros2_ws/install/number_square_service' for CMake config files
[1.008s] Level 1:colcon.colcon_core.shell:create_environment_hook('number_square_service', 'cmake_prefix_path')
[1.008s] INFO:colcon.colcon_core.shell:Creating environment hook '/home/student/AdR/ros2_ws/install/number_square_service/share/number_square_service/hook/cmake_prefix_path.ps1'
[1.009s] INFO:colcon.colcon_core.shell:Creating environment descriptor '/home/student/AdR/ros2_ws/install/number_square_service/share/number_square_service/hook/cmake_prefix_path.dsv'
[1.009s] INFO:colcon.colcon_core.shell:Creating environment hook '/home/student/AdR/ros2_ws/install/number_square_service/share/number_square_service/hook/cmake_prefix_path.sh'
[1.010s] Level 1:colcon.colcon_core.environment:checking '/home/student/AdR/ros2_ws/install/number_square_service/lib'
[1.010s] Level 1:colcon.colcon_core.environment:checking '/home/student/AdR/ros2_ws/install/number_square_service/bin'
[1.010s] Level 1:colcon.colcon_core.environment:checking '/home/student/AdR/ros2_ws/install/number_square_service/lib/pkgconfig/number_square_service.pc'
[1.012s] Level 1:colcon.colcon_core.environment:checking '/home/student/AdR/ros2_ws/install/number_square_service/lib/python3.10/site-packages'
[1.012s] Level 1:colcon.colcon_core.shell:create_environment_hook('number_square_service', 'pythonpath')
[1.012s] INFO:colcon.colcon_core.shell:Creating environment hook '/home/student/AdR/ros2_ws/install/number_square_service/share/number_square_service/hook/pythonpath.ps1'
[1.012s] INFO:colcon.colcon_core.shell:Creating environment descriptor '/home/student/AdR/ros2_ws/install/number_square_service/share/number_square_service/hook/pythonpath.dsv'
[1.013s] INFO:colcon.colcon_core.shell:Creating environment hook '/home/student/AdR/ros2_ws/install/number_square_service/share/number_square_service/hook/pythonpath.sh'
[1.013s] Level 1:colcon.colcon_core.environment:checking '/home/student/AdR/ros2_ws/install/number_square_service/bin'
[1.013s] INFO:colcon.colcon_core.shell:Creating package script '/home/student/AdR/ros2_ws/install/number_square_service/share/number_square_service/package.ps1'
[1.014s] INFO:colcon.colcon_core.shell:Creating package descriptor '/home/student/AdR/ros2_ws/install/number_square_service/share/number_square_service/package.dsv'
[1.015s] INFO:colcon.colcon_core.shell:Creating package script '/home/student/AdR/ros2_ws/install/number_square_service/share/number_square_service/package.sh'
[1.015s] INFO:colcon.colcon_core.shell:Creating package script '/home/student/AdR/ros2_ws/install/number_square_service/share/number_square_service/package.bash'
[1.016s] INFO:colcon.colcon_core.shell:Creating package script '/home/student/AdR/ros2_ws/install/number_square_service/share/number_square_service/package.zsh'
[1.017s] Level 1:colcon.colcon_core.environment:create_file_with_runtime_dependencies(/home/student/AdR/ros2_ws/install/number_square_service/share/colcon-core/packages/number_square_service)
[1.017s] Level 1:colcon.colcon_core.environment:create_environment_scripts_only(number_square_service)
[1.018s] Level 1:colcon.colcon_core.environment:checking '/home/student/AdR/ros2_ws/install/number_square_service' for CMake module files
[1.018s] Level 1:colcon.colcon_core.environment:checking '/home/student/AdR/ros2_ws/install/number_square_service' for CMake config files
[1.018s] Level 1:colcon.colcon_core.shell:create_environment_hook('number_square_service', 'cmake_prefix_path')
[1.018s] INFO:colcon.colcon_core.shell:Creating environment hook '/home/student/AdR/ros2_ws/install/number_square_service/share/number_square_service/hook/cmake_prefix_path.ps1'
[1.019s] INFO:colcon.colcon_core.shell:Creating environment descriptor '/home/student/AdR/ros2_ws/install/number_square_service/share/number_square_service/hook/cmake_prefix_path.dsv'
[1.019s] INFO:colcon.colcon_core.shell:Creating environment hook '/home/student/AdR/ros2_ws/install/number_square_service/share/number_square_service/hook/cmake_prefix_path.sh'
[1.019s] Level 1:colcon.colcon_core.environment:checking '/home/student/AdR/ros2_ws/install/number_square_service/lib'
[1.019s] Level 1:colcon.colcon_core.environment:checking '/home/student/AdR/ros2_ws/install/number_square_service/bin'
[1.019s] Level 1:colcon.colcon_core.environment:checking '/home/student/AdR/ros2_ws/install/number_square_service/lib/pkgconfig/number_square_service.pc'
[1.020s] Level 1:colcon.colcon_core.environment:checking '/home/student/AdR/ros2_ws/install/number_square_service/lib/python3.10/site-packages'
[1.020s] Level 1:colcon.colcon_core.shell:create_environment_hook('number_square_service', 'pythonpath')
[1.020s] INFO:colcon.colcon_core.shell:Creating environment hook '/home/student/AdR/ros2_ws/install/number_square_service/share/number_square_service/hook/pythonpath.ps1'
[1.020s] INFO:colcon.colcon_core.shell:Creating environment descriptor '/home/student/AdR/ros2_ws/install/number_square_service/share/number_square_service/hook/pythonpath.dsv'
[1.020s] INFO:colcon.colcon_core.shell:Creating environment hook '/home/student/AdR/ros2_ws/install/number_square_service/share/number_square_service/hook/pythonpath.sh'
[1.021s] Level 1:colcon.colcon_core.environment:checking '/home/student/AdR/ros2_ws/install/number_square_service/bin'
[1.021s] INFO:colcon.colcon_core.shell:Creating package script '/home/student/AdR/ros2_ws/install/number_square_service/share/number_square_service/package.ps1'
[1.022s] INFO:colcon.colcon_core.shell:Creating package descriptor '/home/student/AdR/ros2_ws/install/number_square_service/share/number_square_service/package.dsv'
[1.022s] INFO:colcon.colcon_core.shell:Creating package script '/home/student/AdR/ros2_ws/install/number_square_service/share/number_square_service/package.sh'
[1.023s] INFO:colcon.colcon_core.shell:Creating package script '/home/student/AdR/ros2_ws/install/number_square_service/share/number_square_service/package.bash'
[1.023s] INFO:colcon.colcon_core.shell:Creating package script '/home/student/AdR/ros2_ws/install/number_square_service/share/number_square_service/package.zsh'
[1.023s] Level 1:colcon.colcon_core.environment:create_file_with_runtime_dependencies(/home/student/AdR/ros2_ws/install/number_square_service/share/colcon-core/packages/number_square_service)
[1.024s] Level 1:colcon.colcon_core.environment:create_environment_scripts_only(drone_position_communication)
[1.024s] Level 1:colcon.colcon_core.environment:checking '/home/student/AdR/ros2_ws/install/drone_position_communication' for CMake module files
[1.025s] DEBUG:colcon.colcon_core.event_handler.log_command:Invoked command in '/home/student/AdR/ros2_ws/build/drone_position_communication' returned '0': CMAKE_PREFIX_PATH=${CMAKE_PREFIX_PATH}:/opt/ros/humble /usr/bin/cmake --install /home/student/AdR/ros2_ws/build/drone_position_communication
[1.026s] Level 1:colcon.colcon_core.environment:checking '/home/student/AdR/ros2_ws/install/drone_position_communication' for CMake config files
[1.026s] Level 1:colcon.colcon_core.shell:create_environment_hook('drone_position_communication', 'cmake_prefix_path')
[1.026s] INFO:colcon.colcon_core.shell:Creating environment hook '/home/student/AdR/ros2_ws/install/drone_position_communication/share/drone_position_communication/hook/cmake_prefix_path.ps1'
[1.027s] INFO:colcon.colcon_core.shell:Creating environment descriptor '/home/student/AdR/ros2_ws/install/drone_position_communication/share/drone_position_communication/hook/cmake_prefix_path.dsv'
[1.027s] INFO:colcon.colcon_core.shell:Creating environment hook '/home/student/AdR/ros2_ws/install/drone_position_communication/share/drone_position_communication/hook/cmake_prefix_path.sh'
[1.027s] Level 1:colcon.colcon_core.environment:checking '/home/student/AdR/ros2_ws/install/drone_position_communication/lib'
[1.027s] Level 1:colcon.colcon_core.environment:checking '/home/student/AdR/ros2_ws/install/drone_position_communication/bin'
[1.027s] Level 1:colcon.colcon_core.environment:checking '/home/student/AdR/ros2_ws/install/drone_position_communication/lib/pkgconfig/drone_position_communication.pc'
[1.028s] Level 1:colcon.colcon_core.environment:checking '/home/student/AdR/ros2_ws/install/drone_position_communication/lib/python3.10/site-packages'
[1.028s] Level 1:colcon.colcon_core.environment:checking '/home/student/AdR/ros2_ws/install/drone_position_communication/bin'
[1.028s] INFO:colcon.colcon_core.shell:Creating package script '/home/student/AdR/ros2_ws/install/drone_position_communication/share/drone_position_communication/package.ps1'
[1.028s] INFO:colcon.colcon_core.shell:Creating package descriptor '/home/student/AdR/ros2_ws/install/drone_position_communication/share/drone_position_communication/package.dsv'
[1.029s] INFO:colcon.colcon_core.shell:Creating package script '/home/student/AdR/ros2_ws/install/drone_position_communication/share/drone_position_communication/package.sh'
[1.029s] INFO:colcon.colcon_core.shell:Creating package script '/home/student/AdR/ros2_ws/install/drone_position_communication/share/drone_position_communication/package.bash'
[1.030s] INFO:colcon.colcon_core.shell:Creating package script '/home/student/AdR/ros2_ws/install/drone_position_communication/share/drone_position_communication/package.zsh'
[1.030s] Level 1:colcon.colcon_core.environment:create_file_with_runtime_dependencies(/home/student/AdR/ros2_ws/install/drone_position_communication/share/colcon-core/packages/drone_position_communication)
[1.031s] Level 1:colcon.colcon_core.environment:create_environment_scripts_only(drone_position_communication)
[1.031s] Level 1:colcon.colcon_core.environment:checking '/home/student/AdR/ros2_ws/install/drone_position_communication' for CMake module files
[1.031s] Level 1:colcon.colcon_core.environment:checking '/home/student/AdR/ros2_ws/install/drone_position_communication' for CMake config files
[1.031s] Level 1:colcon.colcon_core.shell:create_environment_hook('drone_position_communication', 'cmake_prefix_path')
[1.032s] INFO:colcon.colcon_core.shell:Creating environment hook '/home/student/AdR/ros2_ws/install/drone_position_communication/share/drone_position_communication/hook/cmake_prefix_path.ps1'
[1.032s] INFO:colcon.colcon_core.shell:Creating environment descriptor '/home/student/AdR/ros2_ws/install/drone_position_communication/share/drone_position_communication/hook/cmake_prefix_path.dsv'
[1.032s] INFO:colcon.colcon_core.shell:Creating environment hook '/home/student/AdR/ros2_ws/install/drone_position_communication/share/drone_position_communication/hook/cmake_prefix_path.sh'
[1.033s] Level 1:colcon.colcon_core.environment:checking '/home/student/AdR/ros2_ws/install/drone_position_communication/lib'
[1.033s] Level 1:colcon.colcon_core.environment:checking '/home/student/AdR/ros2_ws/install/drone_position_communication/bin'
[1.033s] Level 1:colcon.colcon_core.environment:checking '/home/student/AdR/ros2_ws/install/drone_position_communication/lib/pkgconfig/drone_position_communication.pc'
[1.033s] Level 1:colcon.colcon_core.environment:checking '/home/student/AdR/ros2_ws/install/drone_position_communication/lib/python3.10/site-packages'
[1.033s] Level 1:colcon.colcon_core.environment:checking '/home/student/AdR/ros2_ws/install/drone_position_communication/bin'
[1.034s] INFO:colcon.colcon_core.shell:Creating package script '/home/student/AdR/ros2_ws/install/drone_position_communication/share/drone_position_communication/package.ps1'
[1.034s] INFO:colcon.colcon_core.shell:Creating package descriptor '/home/student/AdR/ros2_ws/install/drone_position_communication/share/drone_position_communication/package.dsv'
[1.035s] INFO:colcon.colcon_core.shell:Creating package script '/home/student/AdR/ros2_ws/install/drone_position_communication/share/drone_position_communication/package.sh'
[1.035s] INFO:colcon.colcon_core.shell:Creating package script '/home/student/AdR/ros2_ws/install/drone_position_communication/share/drone_position_communication/package.bash'
[1.035s] INFO:colcon.colcon_core.shell:Creating package script '/home/student/AdR/ros2_ws/install/drone_position_communication/share/drone_position_communication/package.zsh'
[1.036s] Level 1:colcon.colcon_core.environment:create_file_with_runtime_dependencies(/home/student/AdR/ros2_ws/install/drone_position_communication/share/colcon-core/packages/drone_position_communication)
[1.036s] DEBUG:colcon.colcon_parallel_executor.executor.parallel:closing loop
[1.037s] DEBUG:colcon.colcon_parallel_executor.executor.parallel:loop closed
[1.037s] DEBUG:colcon.colcon_parallel_executor.executor.parallel:run_until_complete finished with '0'
[1.037s] DEBUG:colcon.colcon_core.event_reactor:joining thread
[1.042s] INFO:colcon.colcon_core.plugin_system:Skipping extension 'colcon_notification.desktop_notification.terminal_notifier': Not used on non-Darwin systems
[1.043s] INFO:colcon.colcon_core.plugin_system:Skipping extension 'colcon_notification.desktop_notification.win32': Not used on non-Windows systems
[1.043s] INFO:colcon.colcon_notification.desktop_notification:Sending desktop notification using 'notify2'
[1.045s] DEBUG:colcon.colcon_notification.desktop_notification.notify2:Failed to initialize notify2: org.freedesktop.DBus.Error.Spawn.ExecFailed: /usr/bin/dbus-launch terminated abnormally without any error message
[1.045s] DEBUG:colcon.colcon_core.event_reactor:joined thread
[1.046s] INFO:colcon.colcon_core.shell:Creating prefix script '/home/student/AdR/ros2_ws/install/local_setup.ps1'
[1.048s] INFO:colcon.colcon_core.shell:Creating prefix util module '/home/student/AdR/ros2_ws/install/_local_setup_util_ps1.py'
[1.049s] INFO:colcon.colcon_core.shell:Creating prefix chain script '/home/student/AdR/ros2_ws/install/setup.ps1'
[1.050s] INFO:colcon.colcon_core.shell:Creating prefix script '/home/student/AdR/ros2_ws/install/local_setup.sh'
[1.051s] INFO:colcon.colcon_core.shell:Creating prefix util module '/home/student/AdR/ros2_ws/install/_local_setup_util_sh.py'
[1.051s] INFO:colcon.colcon_core.shell:Creating prefix chain script '/home/student/AdR/ros2_ws/install/setup.sh'
[1.052s] INFO:colcon.colcon_core.shell:Creating prefix script '/home/student/AdR/ros2_ws/install/local_setup.bash'
[1.052s] INFO:colcon.colcon_core.shell:Creating prefix chain script '/home/student/AdR/ros2_ws/install/setup.bash'
[1.053s] INFO:colcon.colcon_core.shell:Creating prefix script '/home/student/AdR/ros2_ws/install/local_setup.zsh'
[1.054s] INFO:colcon.colcon_core.shell:Creating prefix chain script '/home/student/AdR/ros2_ws/install/setup.zsh'
