[0.017s] Invoking command in '/home/student/AdR/ros2_ws/build/drone_position_communication': CMAKE_PREFIX_PATH=/opt/ros/humble /usr/bin/cmake --build /home/student/AdR/ros2_ws/build/drone_position_communication -- -j16 -l16
[0.056s] Invoked command in '/home/student/AdR/ros2_ws/build/drone_position_communication' returned '0': CMAKE_PREFIX_PATH=/opt/ros/humble /usr/bin/cmake --build /home/student/AdR/ros2_ws/build/drone_position_communication -- -j16 -l16
[0.064s] Invoking command in '/home/student/AdR/ros2_ws/build/drone_position_communication': CMAKE_PREFIX_PATH=/opt/ros/humble /usr/bin/cmake --install /home/student/AdR/ros2_ws/build/drone_position_communication
[0.070s] -- Install configuration: ""
[0.070s] -- Up-to-date: /home/student/AdR/ros2_ws/install/drone_position_communication/lib/drone_position_communication/publisher.py
[0.071s] -- Up-to-date: /home/student/AdR/ros2_ws/install/drone_position_communication/lib/drone_position_communication/subscriber.py
[0.071s] -- Up-to-date: /home/student/AdR/ros2_ws/install/drone_position_communication/share/ament_index/resource_index/package_run_dependencies/drone_position_communication
[0.071s] -- Up-to-date: /home/student/AdR/ros2_ws/install/drone_position_communication/share/ament_index/resource_index/parent_prefix_path/drone_position_communication
[0.071s] -- Up-to-date: /home/student/AdR/ros2_ws/install/drone_position_communication/share/drone_position_communication/environment/ament_prefix_path.sh
[0.071s] -- Up-to-date: /home/student/AdR/ros2_ws/install/drone_position_communication/share/drone_position_communication/environment/ament_prefix_path.dsv
[0.072s] -- Up-to-date: /home/student/AdR/ros2_ws/install/drone_position_communication/share/drone_position_communication/environment/path.sh
[0.072s] -- Up-to-date: /home/student/AdR/ros2_ws/install/drone_position_communication/share/drone_position_communication/environment/path.dsv
[0.072s] -- Up-to-date: /home/student/AdR/ros2_ws/install/drone_position_communication/share/drone_position_communication/local_setup.bash
[0.072s] -- Up-to-date: /home/student/AdR/ros2_ws/install/drone_position_communication/share/drone_position_communication/local_setup.sh
[0.072s] -- Up-to-date: /home/student/AdR/ros2_ws/install/drone_position_communication/share/drone_position_communication/local_setup.zsh
[0.072s] -- Up-to-date: /home/student/AdR/ros2_ws/install/drone_position_communication/share/drone_position_communication/local_setup.dsv
[0.072s] -- Up-to-date: /home/student/AdR/ros2_ws/install/drone_position_communication/share/drone_position_communication/package.dsv
[0.072s] -- Up-to-date: /home/student/AdR/ros2_ws/install/drone_position_communication/share/ament_index/resource_index/packages/drone_position_communication
[0.072s] -- Up-to-date: /home/student/AdR/ros2_ws/install/drone_position_communication/share/drone_position_communication/cmake/drone_position_communicationConfig.cmake
[0.073s] -- Up-to-date: /home/student/AdR/ros2_ws/install/drone_position_communication/share/drone_position_communication/cmake/drone_position_communicationConfig-version.cmake
[0.073s] -- Up-to-date: /home/student/AdR/ros2_ws/install/drone_position_communication/share/drone_position_communication/package.xml
[0.075s] Invoked command in '/home/student/AdR/ros2_ws/build/drone_position_communication' returned '0': CMAKE_PREFIX_PATH=/opt/ros/humble /usr/bin/cmake --install /home/student/AdR/ros2_ws/build/drone_position_communication
