[0.017s] Invoking command in '/home/student/AdR/ros2_ws/build/number_square_service': CMAKE_PREFIX_PATH=${CMAKE_PREFIX_PATH}:/opt/ros/humble /usr/bin/cmake /home/student/AdR/ros2_ws/src/number_square_service -DCMAKE_INSTALL_PREFIX=/home/student/AdR/ros2_ws/install/number_square_service
[0.066s] -- The C compiler identification is GNU 11.4.0
[0.118s] -- The CXX compiler identification is GNU 11.4.0
[0.125s] -- Detecting C compiler ABI info
[0.186s] -- Detecting C compiler ABI info - done
[0.192s] -- Check for working C compiler: /usr/bin/cc - skipped
[0.192s] -- Detecting C compile features
[0.192s] -- Detecting C compile features - done
[0.195s] -- Detecting CXX compiler ABI info
[0.264s] -- Detecting CXX compiler ABI info - done
[0.269s] -- Check for working CXX compiler: /usr/bin/c++ - skipped
[0.269s] -- Detecting CXX compile features
[0.270s] -- Detecting CXX compile features - done
[0.273s] -- Found ament_cmake: 1.3.11 (/opt/ros/humble/share/ament_cmake/cmake)
[0.384s] -- Found Python3: /usr/bin/python3 (found version "3.10.12") found components: Interpreter 
[0.472s] -- Found rclpy: 3.3.15 (/opt/ros/humble/share/rclpy/cmake)
[0.474s] -- Found example_interfaces: 0.9.3 (/opt/ros/humble/share/example_interfaces/cmake)
[0.513s] -- Found rosidl_generator_c: 3.1.6 (/opt/ros/humble/share/rosidl_generator_c/cmake)
[0.518s] -- Found rosidl_adapter: 3.1.6 (/opt/ros/humble/share/rosidl_adapter/cmake)
[0.526s] -- Found rosidl_generator_cpp: 3.1.6 (/opt/ros/humble/share/rosidl_generator_cpp/cmake)
[0.537s] -- Using all available rosidl_typesupport_c: rosidl_typesupport_fastrtps_c;rosidl_typesupport_introspection_c
[0.552s] -- Using all available rosidl_typesupport_cpp: rosidl_typesupport_fastrtps_cpp;rosidl_typesupport_introspection_cpp
[0.654s] -- Configuring done
[0.660s] -- Generating done
[0.662s] -- Build files have been written to: /home/student/AdR/ros2_ws/build/number_square_service
[0.668s] Invoked command in '/home/student/AdR/ros2_ws/build/number_square_service' returned '0': CMAKE_PREFIX_PATH=${CMAKE_PREFIX_PATH}:/opt/ros/humble /usr/bin/cmake /home/student/AdR/ros2_ws/src/number_square_service -DCMAKE_INSTALL_PREFIX=/home/student/AdR/ros2_ws/install/number_square_service
[0.670s] Invoking command in '/home/student/AdR/ros2_ws/build/number_square_service': CMAKE_PREFIX_PATH=${CMAKE_PREFIX_PATH}:/opt/ros/humble /usr/bin/cmake --build /home/student/AdR/ros2_ws/build/number_square_service -- -j16 -l16
[0.704s] Invoked command in '/home/student/AdR/ros2_ws/build/number_square_service' returned '0': CMAKE_PREFIX_PATH=${CMAKE_PREFIX_PATH}:/opt/ros/humble /usr/bin/cmake --build /home/student/AdR/ros2_ws/build/number_square_service -- -j16 -l16
[0.712s] Invoking command in '/home/student/AdR/ros2_ws/build/number_square_service': CMAKE_PREFIX_PATH=${CMAKE_PREFIX_PATH}:/opt/ros/humble /usr/bin/cmake --install /home/student/AdR/ros2_ws/build/number_square_service
[0.719s] -- Install configuration: ""
[0.719s] -- Installing: /home/student/AdR/ros2_ws/install/number_square_service/lib/number_square_service/service.py
[0.720s] -- Installing: /home/student/AdR/ros2_ws/install/number_square_service/lib/number_square_service/client.py
[0.720s] -- Installing: /home/student/AdR/ros2_ws/install/number_square_service/lib/python3.10/site-packages/number_square_service
[0.720s] -- Installing: /home/student/AdR/ros2_ws/install/number_square_service/lib/python3.10/site-packages/number_square_service/client.py
[0.721s] -- Installing: /home/student/AdR/ros2_ws/install/number_square_service/lib/python3.10/site-packages/number_square_service/__init__.py
[0.721s] -- Installing: /home/student/AdR/ros2_ws/install/number_square_service/lib/python3.10/site-packages/number_square_service/service.py
[0.722s] -- Installing: /home/student/AdR/ros2_ws/install/number_square_service/share/ament_index/resource_index/package_run_dependencies/number_square_service
[0.722s] -- Installing: /home/student/AdR/ros2_ws/install/number_square_service/share/ament_index/resource_index/parent_prefix_path/number_square_service
[0.722s] -- Installing: /home/student/AdR/ros2_ws/install/number_square_service/share/number_square_service/environment/ament_prefix_path.sh
[0.723s] -- Installing: /home/student/AdR/ros2_ws/install/number_square_service/share/number_square_service/environment/ament_prefix_path.dsv
[0.723s] -- Installing: /home/student/AdR/ros2_ws/install/number_square_service/share/number_square_service/environment/path.sh
[0.723s] -- Installing: /home/student/AdR/ros2_ws/install/number_square_service/share/number_square_service/environment/path.dsv
[0.724s] -- Installing: /home/student/AdR/ros2_ws/install/number_square_service/share/number_square_service/local_setup.bash
[0.724s] -- Installing: /home/student/AdR/ros2_ws/install/number_square_service/share/number_square_service/local_setup.sh
[0.724s] -- Installing: /home/student/AdR/ros2_ws/install/number_square_service/share/number_square_service/local_setup.zsh
[0.724s] -- Installing: /home/student/AdR/ros2_ws/install/number_square_service/share/number_square_service/local_setup.dsv
[0.724s] -- Installing: /home/student/AdR/ros2_ws/install/number_square_service/share/number_square_service/package.dsv
[0.725s] -- Installing: /home/student/AdR/ros2_ws/install/number_square_service/share/ament_index/resource_index/packages/number_square_service
[0.725s] -- Installing: /home/student/AdR/ros2_ws/install/number_square_service/share/number_square_service/cmake/number_square_serviceConfig.cmake
[0.726s] -- Installing: /home/student/AdR/ros2_ws/install/number_square_service/share/number_square_service/cmake/number_square_serviceConfig-version.cmake
[0.726s] -- Installing: /home/student/AdR/ros2_ws/install/number_square_service/share/number_square_service/package.xml
[0.730s] Invoked command in '/home/student/AdR/ros2_ws/build/number_square_service' returned '0': CMAKE_PREFIX_PATH=${CMAKE_PREFIX_PATH}:/opt/ros/humble /usr/bin/cmake --install /home/student/AdR/ros2_ws/build/number_square_service
